  [1m[36m (6.1ms)[0m  [1mCREATE TABLE "schema_migrations" ("version" character varying NOT NULL) [0m
  [1m[35m (1.4ms)[0m  CREATE UNIQUE INDEX  "unique_schema_migrations" ON "schema_migrations"  ("version")
  [1m[36mActiveRecord::SchemaMigration Load (0.3ms)[0m  [1mSELECT "schema_migrations".* FROM "schema_migrations"[0m
Migrating to CreateUsers (20130126215239)
  [1m[35m (0.1ms)[0m  BEGIN
  [1m[36m (3.5ms)[0m  [1mCREATE TABLE "users" ("id" serial primary key, "email" character varying, "referral_code" character varying, "referrer_id" integer, "created_at" timestamp NOT NULL, "updated_at" timestamp NOT NULL) [0m
  [1m[35mSQL (0.5ms)[0m  INSERT INTO "schema_migrations" ("version") VALUES ($1)  [["version", "20130126215239"]]
  [1m[36m (0.4ms)[0m  [1mCOMMIT[0m
Migrating to DeviseCreateAdminUsers (20130127063936)
  [1m[35m (0.2ms)[0m  BEGIN
  [1m[36m (2.6ms)[0m  [1mCREATE TABLE "admin_users" ("id" serial primary key, "email" character varying DEFAULT '' NOT NULL, "encrypted_password" character varying DEFAULT '' NOT NULL, "reset_password_token" character varying, "reset_password_sent_at" timestamp, "remember_created_at" timestamp, "sign_in_count" integer DEFAULT 0, "current_sign_in_at" timestamp, "last_sign_in_at" timestamp, "current_sign_in_ip" character varying, "last_sign_in_ip" character varying, "created_at" timestamp NOT NULL, "updated_at" timestamp NOT NULL) [0m
  [1m[35m (0.8ms)[0m  CREATE UNIQUE INDEX  "index_admin_users_on_email" ON "admin_users"  ("email")
  [1m[36m (0.7ms)[0m  [1mCREATE UNIQUE INDEX  "index_admin_users_on_reset_password_token" ON "admin_users"  ("reset_password_token")[0m
  [1m[35mAdminUser Exists (0.7ms)[0m  SELECT  1 AS one FROM "admin_users" WHERE "admin_users"."email" = 'tech@harrys.com' LIMIT 1
  [1m[36mSQL (3.4ms)[0m  [1mINSERT INTO "admin_users" ("email", "encrypted_password", "created_at", "updated_at") VALUES ($1, $2, $3, $4) RETURNING "id"[0m  [["email", "tech@harrys.com"], ["encrypted_password", "$2a$10$9EcmiyiyBfoZcexS4otylO9D86.RZ.Dd4aWaJ62AUIYhyZ1Ouf6bG"], ["created_at", "2016-11-02 04:08:46.769861"], ["updated_at", "2016-11-02 04:08:46.769861"]]
  [1m[35mSQL (0.2ms)[0m  INSERT INTO "schema_migrations" ("version") VALUES ($1)  [["version", "20130127063936"]]
  [1m[36m (0.5ms)[0m  [1mCOMMIT[0m
Migrating to CreateAdminNotes (20130127063939)
  [1m[35m (0.3ms)[0m  BEGIN
  [1m[36m (2.7ms)[0m  [1mCREATE TABLE "admin_notes" ("id" serial primary key, "resource_id" character varying NOT NULL, "resource_type" character varying NOT NULL, "admin_user_id" integer, "admin_user_type" character varying, "body" text, "created_at" timestamp NOT NULL, "updated_at" timestamp NOT NULL) [0m
  [1m[35m (0.7ms)[0m  CREATE  INDEX  "index_admin_notes_on_resource_type_and_resource_id" ON "admin_notes"  ("resource_type", "resource_id")
  [1m[36m (0.6ms)[0m  [1mCREATE  INDEX  "index_admin_notes_on_admin_user_type_and_admin_user_id" ON "admin_notes"  ("admin_user_type", "admin_user_id")[0m
  [1m[35mSQL (0.2ms)[0m  INSERT INTO "schema_migrations" ("version") VALUES ($1)  [["version", "20130127063939"]]
  [1m[36m (0.3ms)[0m  [1mCOMMIT[0m
Migrating to MoveAdminNotesToComments (20130127063940)
  [1m[35m (0.2ms)[0m  BEGIN
  [1m[36m (0.6ms)[0m  [1mDROP INDEX "index_admin_notes_on_admin_user_type_and_admin_user_id"[0m
  [1m[35m (0.6ms)[0m  ALTER TABLE "admin_notes" RENAME TO "active_admin_comments"
  [1m[36m (0.3ms)[0m  [1mALTER TABLE "public"."admin_notes_id_seq" RENAME TO "active_admin_comments_id_seq"[0m
  [1m[35m (0.4ms)[0m  ALTER INDEX "admin_notes_pkey" RENAME TO "active_admin_comments_pkey"
  [1m[36m (0.2ms)[0m  [1mALTER INDEX "index_admin_notes_on_resource_type_and_resource_id" RENAME TO "index_active_admin_comments_on_resource_type_and_resource_id"[0m
  [1m[35m (0.2ms)[0m  ALTER TABLE "active_admin_comments" RENAME COLUMN "admin_user_type" TO "author_type"
  [1m[36m (0.2ms)[0m  [1mALTER TABLE "active_admin_comments" RENAME COLUMN "admin_user_id" TO "author_id"[0m
  [1m[35m (0.5ms)[0m  ALTER TABLE "active_admin_comments" ADD "namespace" character varying
  [1m[36m (0.7ms)[0m  [1mCREATE  INDEX  "index_active_admin_comments_on_namespace" ON "active_admin_comments"  ("namespace")[0m
  [1m[35m (0.7ms)[0m  CREATE  INDEX  "index_active_admin_comments_on_author_type_and_author_id" ON "active_admin_comments"  ("author_type", "author_id")
  [1m[36m (0.3ms)[0m  [1mUPDATE active_admin_comments SET namespace='admin'[0m
  [1m[35mSQL (0.2ms)[0m  INSERT INTO "schema_migrations" ("version") VALUES ($1)  [["version", "20130127063940"]]
  [1m[36m (1.0ms)[0m  [1mCOMMIT[0m
Migrating to CreateDelayedJobs (20130227185712)
  [1m[35m (0.2ms)[0m  BEGIN
  [1m[36m (2.6ms)[0m  [1mCREATE TABLE "delayed_jobs" ("id" serial primary key, "priority" integer DEFAULT 0, "attempts" integer DEFAULT 0, "handler" text, "last_error" text, "run_at" timestamp, "locked_at" timestamp, "failed_at" timestamp, "locked_by" character varying, "queue" character varying, "created_at" timestamp NOT NULL, "updated_at" timestamp NOT NULL) [0m
  [1m[35m (0.9ms)[0m  CREATE  INDEX  "delayed_jobs_priority" ON "delayed_jobs"  ("priority", "run_at")
  [1m[36mSQL (0.2ms)[0m  [1mINSERT INTO "schema_migrations" ("version") VALUES ($1)[0m  [["version", "20130227185712"]]
  [1m[35m (0.3ms)[0m  COMMIT
Migrating to CreateIpAddresses (20130312045541)
  [1m[36m (0.2ms)[0m  [1mBEGIN[0m
  [1m[35m (2.7ms)[0m  CREATE TABLE "ip_addresses" ("id" serial primary key, "address" character varying, "count" integer, "created_at" timestamp NOT NULL, "updated_at" timestamp NOT NULL) 
  [1m[36mSQL (0.2ms)[0m  [1mINSERT INTO "schema_migrations" ("version") VALUES ($1)[0m  [["version", "20130312045541"]]
  [1m[35m (0.3ms)[0m  COMMIT
  [1m[36mActiveRecord::SchemaMigration Load (0.2ms)[0m  [1mSELECT "schema_migrations".* FROM "schema_migrations"[0m
  [1m[35m (2.1ms)[0m  SELECT t2.oid::regclass::text AS to_table, a1.attname AS column, a2.attname AS primary_key, c.conname AS name, c.confupdtype AS on_update, c.confdeltype AS on_delete
FROM pg_constraint c
JOIN pg_class t1 ON c.conrelid = t1.oid
JOIN pg_class t2 ON c.confrelid = t2.oid
JOIN pg_attribute a1 ON a1.attnum = c.conkey[1] AND a1.attrelid = t1.oid
JOIN pg_attribute a2 ON a2.attnum = c.confkey[1] AND a2.attrelid = t2.oid
JOIN pg_namespace t3 ON c.connamespace = t3.oid
WHERE c.contype = 'f'
  AND t1.relname = 'active_admin_comments'
  AND t3.nspname = ANY (current_schemas(false))
ORDER BY c.conname

  [1m[36m (1.6ms)[0m  [1mSELECT t2.oid::regclass::text AS to_table, a1.attname AS column, a2.attname AS primary_key, c.conname AS name, c.confupdtype AS on_update, c.confdeltype AS on_delete
FROM pg_constraint c
JOIN pg_class t1 ON c.conrelid = t1.oid
JOIN pg_class t2 ON c.confrelid = t2.oid
JOIN pg_attribute a1 ON a1.attnum = c.conkey[1] AND a1.attrelid = t1.oid
JOIN pg_attribute a2 ON a2.attnum = c.confkey[1] AND a2.attrelid = t2.oid
JOIN pg_namespace t3 ON c.connamespace = t3.oid
WHERE c.contype = 'f'
  AND t1.relname = 'admin_users'
  AND t3.nspname = ANY (current_schemas(false))
ORDER BY c.conname
[0m
  [1m[35m (1.8ms)[0m  SELECT t2.oid::regclass::text AS to_table, a1.attname AS column, a2.attname AS primary_key, c.conname AS name, c.confupdtype AS on_update, c.confdeltype AS on_delete
FROM pg_constraint c
JOIN pg_class t1 ON c.conrelid = t1.oid
JOIN pg_class t2 ON c.confrelid = t2.oid
JOIN pg_attribute a1 ON a1.attnum = c.conkey[1] AND a1.attrelid = t1.oid
JOIN pg_attribute a2 ON a2.attnum = c.confkey[1] AND a2.attrelid = t2.oid
JOIN pg_namespace t3 ON c.connamespace = t3.oid
WHERE c.contype = 'f'
  AND t1.relname = 'delayed_jobs'
  AND t3.nspname = ANY (current_schemas(false))
ORDER BY c.conname

  [1m[36m (1.6ms)[0m  [1mSELECT t2.oid::regclass::text AS to_table, a1.attname AS column, a2.attname AS primary_key, c.conname AS name, c.confupdtype AS on_update, c.confdeltype AS on_delete
FROM pg_constraint c
JOIN pg_class t1 ON c.conrelid = t1.oid
JOIN pg_class t2 ON c.confrelid = t2.oid
JOIN pg_attribute a1 ON a1.attnum = c.conkey[1] AND a1.attrelid = t1.oid
JOIN pg_attribute a2 ON a2.attnum = c.confkey[1] AND a2.attrelid = t2.oid
JOIN pg_namespace t3 ON c.connamespace = t3.oid
WHERE c.contype = 'f'
  AND t1.relname = 'ip_addresses'
  AND t3.nspname = ANY (current_schemas(false))
ORDER BY c.conname
[0m
  [1m[35m (2.0ms)[0m  SELECT t2.oid::regclass::text AS to_table, a1.attname AS column, a2.attname AS primary_key, c.conname AS name, c.confupdtype AS on_update, c.confdeltype AS on_delete
FROM pg_constraint c
JOIN pg_class t1 ON c.conrelid = t1.oid
JOIN pg_class t2 ON c.confrelid = t2.oid
JOIN pg_attribute a1 ON a1.attnum = c.conkey[1] AND a1.attrelid = t1.oid
JOIN pg_attribute a2 ON a2.attnum = c.confkey[1] AND a2.attrelid = t2.oid
JOIN pg_namespace t3 ON c.connamespace = t3.oid
WHERE c.contype = 'f'
  AND t1.relname = 'users'
  AND t3.nspname = ANY (current_schemas(false))
ORDER BY c.conname

  [1m[36mActiveRecord::SchemaMigration Load (0.3ms)[0m  [1mSELECT "schema_migrations".* FROM "schema_migrations"[0m
Processing by UsersController#new as HTML
  Rendered users/_campaign_ongoing.html.erb (4.7ms)
  Rendered users/new.html.erb within layouts/application (8.5ms)
Completed 200 OK in 49ms (Views: 30.3ms | ActiveRecord: 3.7ms)
Processing by UsersController#create as HTML
  Parameters: {"utf8"=>"✓", "authenticity_token"=>"VKdwOeNy4Vv9UFS/Y3RCHdoceBqjYBbLscG6k9/Kkw5T1Uwo6ZbmNLUSn3HRyi3Fu+bmMlm1KoEgUsncX/Szzg==", "user"=>{"email"=>"123@123.com"}, "commit"=>"Step Inside"}
  [1m[36m (150.6ms)[0m  [1mBEGIN[0m
  [1m[35mUser Exists (0.8ms)[0m  SELECT  1 AS one FROM "users" WHERE "users"."email" = '123@123.com' LIMIT 1
  [1m[36mUser Exists (0.3ms)[0m  [1mSELECT  1 AS one FROM "users" WHERE "users"."referral_code" IS NULL LIMIT 1[0m
  [1m[35mUser Load (0.2ms)[0m  SELECT  "users".* FROM "users" WHERE "users"."referral_code" = $1 LIMIT 1  [["referral_code", "a2a6010613"]]
  [1m[36mSQL (0.4ms)[0m  [1mINSERT INTO "users" ("email", "created_at", "updated_at", "referral_code") VALUES ($1, $2, $3, $4) RETURNING "id"[0m  [["email", "123@123.com"], ["created_at", "2016-11-02 04:21:38.838043"], ["updated_at", "2016-11-02 04:21:38.838043"], ["referral_code", "a2a6010613"]]
  [1m[35mSQL (0.9ms)[0m  INSERT INTO "delayed_jobs" ("handler", "run_at", "created_at", "updated_at") VALUES ($1, $2, $3, $4) RETURNING "id"  [["handler", "--- !ruby/object:Delayed::PerformableMailer\nobject: !ruby/class 'UserMailer'\nmethod_name: :signup_email\nargs:\n- !ruby/object:User\n  raw_attributes:\n    email: 123@123.com\n    id: '1'\n    referral_code: a2a6010613\n    created_at: &1 2016-11-02 04:21:38.838043000 Z\n    updated_at: *1\n    referrer_id: \n  attributes: !ruby/object:ActiveRecord::AttributeSet\n    attributes: !ruby/object:ActiveRecord::LazyAttributeHash\n      types:\n        id: &3 !ruby/object:ActiveRecord::ConnectionAdapters::PostgreSQL::OID::Integer\n          precision: \n          scale: \n          limit: \n          range: !ruby/range\n            begin: -2147483648\n            end: 2147483648\n            excl: true\n        email: &2 !ruby/object:ActiveRecord::Type::String\n          precision: \n          scale: \n          limit: \n        referral_code: *2\n        referrer_id: *3\n        created_at: &5 !ruby/object:ActiveRecord::AttributeMethods::TimeZoneConversion::TimeZoneConverter\n          subtype: &4 !ruby/object:ActiveRecord::ConnectionAdapters::PostgreSQL::OID::DateTime\n            precision: \n            scale: \n            limit: \n        updated_at: &6 !ruby/object:ActiveRecord::AttributeMethods::TimeZoneConversion::TimeZoneConverter\n          subtype: *4\n      values:\n        id: \n        email: \n        referral_code: \n        referrer_id: \n        created_at: \n        updated_at: \n      additional_types: {}\n      materialized: true\n      delegate_hash:\n        email: !ruby/object:ActiveRecord::Attribute::FromUser\n          name: email\n          value_before_type_cast: 123@123.com\n          type: *2\n          value: 123@123.com\n        id: !ruby/object:ActiveRecord::Attribute::FromUser\n          name: id\n          value_before_type_cast: '1'\n          type: *3\n          value: 1\n        referral_code: !ruby/object:ActiveRecord::Attribute::FromUser\n          name: referral_code\n          value_before_type_cast: a2a6010613\n          type: *2\n          value: a2a6010613\n        created_at: !ruby/object:ActiveRecord::Attribute::FromUser\n          name: created_at\n          value_before_type_cast: *1\n          type: *5\n          value: *1\n        updated_at: !ruby/object:ActiveRecord::Attribute::FromUser\n          name: updated_at\n          value_before_type_cast: *1\n          type: *6\n          value: *1\n        referrer_id: !ruby/object:ActiveRecord::Attribute::FromDatabase\n          name: referrer_id\n          value_before_type_cast: \n          type: *3\n  new_record: false\n  active_record_yaml_version: 0\n"], ["run_at", "2016-11-02 04:21:38.859144"], ["created_at", "2016-11-02 04:21:38.859380"], ["updated_at", "2016-11-02 04:21:38.859380"]]
  [1m[36m (6.4ms)[0m  [1mCOMMIT[0m
Redirected to http://localhost:3000/refer-a-friend
Completed 302 Found in 192ms (ActiveRecord: 161.2ms)
Processing by UsersController#refer as HTML
  [1m[35mUser Load (0.3ms)[0m  SELECT  "users".* FROM "users" WHERE "users"."email" = $1 LIMIT 1  [["email", "123@123.com"]]
  [1m[36m (0.3ms)[0m  [1mSELECT COUNT(*) FROM "users" WHERE "users"."referrer_id" = $1[0m  [["referrer_id", 1]]
  Rendered users/refer.html.erb within layouts/application (9.7ms)
Completed 200 OK in 23ms (Views: 19.8ms | ActiveRecord: 0.6ms)
Processing by UsersController#create as HTML
  Parameters: {"utf8"=>"✓", "authenticity_token"=>"VKdwOeNy4Vv9UFS/Y3RCHdoceBqjYBbLscG6k9/Kkw5T1Uwo6ZbmNLUSn3HRyi3Fu+bmMlm1KoEgUsncX/Szzg==", "user"=>{"email"=>"sdad@asda.com"}, "commit"=>"Step Inside"}
  [1m[35m (0.2ms)[0m  BEGIN
  [1m[36mUser Exists (0.3ms)[0m  [1mSELECT  1 AS one FROM "users" WHERE "users"."email" = 'sdad@asda.com' LIMIT 1[0m
  [1m[35mUser Exists (0.2ms)[0m  SELECT  1 AS one FROM "users" WHERE "users"."referral_code" IS NULL LIMIT 1
  [1m[36mUser Load (0.2ms)[0m  [1mSELECT  "users".* FROM "users" WHERE "users"."referral_code" = $1 LIMIT 1[0m  [["referral_code", "e51e7a09eb"]]
  [1m[35mSQL (0.3ms)[0m  INSERT INTO "users" ("email", "created_at", "updated_at", "referral_code") VALUES ($1, $2, $3, $4) RETURNING "id"  [["email", "sdad@asda.com"], ["created_at", "2016-11-02 04:22:42.267047"], ["updated_at", "2016-11-02 04:22:42.267047"], ["referral_code", "e51e7a09eb"]]
  [1m[36mSQL (0.3ms)[0m  [1mINSERT INTO "delayed_jobs" ("handler", "run_at", "created_at", "updated_at") VALUES ($1, $2, $3, $4) RETURNING "id"[0m  [["handler", "--- !ruby/object:Delayed::PerformableMailer\nobject: !ruby/class 'UserMailer'\nmethod_name: :signup_email\nargs:\n- !ruby/object:User\n  raw_attributes:\n    email: sdad@asda.com\n    id: '2'\n    referral_code: e51e7a09eb\n    created_at: &1 2016-11-02 04:22:42.267047000 Z\n    updated_at: *1\n    referrer_id: \n  attributes: !ruby/object:ActiveRecord::AttributeSet\n    attributes: !ruby/object:ActiveRecord::LazyAttributeHash\n      types:\n        id: &3 !ruby/object:ActiveRecord::ConnectionAdapters::PostgreSQL::OID::Integer\n          precision: \n          scale: \n          limit: \n          range: !ruby/range\n            begin: -2147483648\n            end: 2147483648\n            excl: true\n        email: &2 !ruby/object:ActiveRecord::Type::String\n          precision: \n          scale: \n          limit: \n        referral_code: *2\n        referrer_id: *3\n        created_at: &5 !ruby/object:ActiveRecord::AttributeMethods::TimeZoneConversion::TimeZoneConverter\n          subtype: &4 !ruby/object:ActiveRecord::ConnectionAdapters::PostgreSQL::OID::DateTime\n            precision: \n            scale: \n            limit: \n        updated_at: &6 !ruby/object:ActiveRecord::AttributeMethods::TimeZoneConversion::TimeZoneConverter\n          subtype: *4\n      values:\n        id: \n        email: \n        referral_code: \n        referrer_id: \n        created_at: \n        updated_at: \n      additional_types: {}\n      materialized: true\n      delegate_hash:\n        email: !ruby/object:ActiveRecord::Attribute::FromUser\n          name: email\n          value_before_type_cast: sdad@asda.com\n          type: *2\n          value: sdad@asda.com\n        id: !ruby/object:ActiveRecord::Attribute::FromUser\n          name: id\n          value_before_type_cast: '2'\n          type: *3\n          value: 2\n        referral_code: !ruby/object:ActiveRecord::Attribute::FromUser\n          name: referral_code\n          value_before_type_cast: e51e7a09eb\n          type: *2\n          value: e51e7a09eb\n        created_at: !ruby/object:ActiveRecord::Attribute::FromUser\n          name: created_at\n          value_before_type_cast: *1\n          type: *5\n          value: *1\n        updated_at: !ruby/object:ActiveRecord::Attribute::FromUser\n          name: updated_at\n          value_before_type_cast: *1\n          type: *6\n          value: *1\n        referrer_id: !ruby/object:ActiveRecord::Attribute::FromDatabase\n          name: referrer_id\n          value_before_type_cast: \n          type: *3\n  new_record: false\n  active_record_yaml_version: 0\n"], ["run_at", "2016-11-02 04:22:42.270602"], ["created_at", "2016-11-02 04:22:42.270679"], ["updated_at", "2016-11-02 04:22:42.270679"]]
  [1m[35m (6.2ms)[0m  COMMIT
Redirected to http://localhost:3000/refer-a-friend
Completed 302 Found in 15ms (ActiveRecord: 7.7ms)
Processing by UsersController#refer as HTML
  [1m[36mUser Load (0.3ms)[0m  [1mSELECT  "users".* FROM "users" WHERE "users"."email" = $1 LIMIT 1[0m  [["email", "sdad@asda.com"]]
  [1m[35m (0.2ms)[0m  SELECT COUNT(*) FROM "users" WHERE "users"."referrer_id" = $1  [["referrer_id", 2]]
  Rendered users/refer.html.erb within layouts/application (1.2ms)
Completed 200 OK in 22ms (Views: 20.3ms | ActiveRecord: 0.5ms)
Processing by UsersController#policy as HTML
  Rendered users/policy.html.erb within layouts/application (0.6ms)
Completed 200 OK in 13ms (Views: 13.2ms | ActiveRecord: 0.0ms)
  [1m[36mSQL (0.6ms)[0m  [1mCREATE EXTENSION IF NOT EXISTS "plpgsql"[0m
  [1m[35m (23.4ms)[0m  CREATE TABLE "active_admin_comments" ("id" serial primary key, "resource_id" character varying NOT NULL, "resource_type" character varying NOT NULL, "author_id" integer, "author_type" character varying, "body" text, "created_at" timestamp NOT NULL, "updated_at" timestamp NOT NULL, "namespace" character varying) 
  [1m[36m (1.2ms)[0m  [1mCREATE  INDEX  "index_active_admin_comments_on_author_type_and_author_id" ON "active_admin_comments" USING btree ("author_type", "author_id")[0m
  [1m[35m (0.9ms)[0m  CREATE  INDEX  "index_active_admin_comments_on_namespace" ON "active_admin_comments" USING btree ("namespace")
  [1m[36m (0.9ms)[0m  [1mCREATE  INDEX  "index_active_admin_comments_on_resource_type_and_resource_id" ON "active_admin_comments" USING btree ("resource_type", "resource_id")[0m
  [1m[35m (20.5ms)[0m  CREATE TABLE "admin_users" ("id" serial primary key, "email" character varying DEFAULT '' NOT NULL, "encrypted_password" character varying DEFAULT '' NOT NULL, "reset_password_token" character varying, "reset_password_sent_at" timestamp, "remember_created_at" timestamp, "sign_in_count" integer DEFAULT 0, "current_sign_in_at" timestamp, "last_sign_in_at" timestamp, "current_sign_in_ip" character varying, "last_sign_in_ip" character varying, "created_at" timestamp NOT NULL, "updated_at" timestamp NOT NULL) 
  [1m[36m (1.6ms)[0m  [1mCREATE UNIQUE INDEX  "index_admin_users_on_email" ON "admin_users" USING btree ("email")[0m
  [1m[35m (0.9ms)[0m  CREATE UNIQUE INDEX  "index_admin_users_on_reset_password_token" ON "admin_users" USING btree ("reset_password_token")
  [1m[36m (4.1ms)[0m  [1mCREATE TABLE "delayed_jobs" ("id" serial primary key, "priority" integer DEFAULT 0, "attempts" integer DEFAULT 0, "handler" text, "last_error" text, "run_at" timestamp, "locked_at" timestamp, "failed_at" timestamp, "locked_by" character varying, "queue" character varying, "created_at" timestamp NOT NULL, "updated_at" timestamp NOT NULL) [0m
  [1m[35m (1.0ms)[0m  CREATE  INDEX  "delayed_jobs_priority" ON "delayed_jobs" USING btree ("priority", "run_at")
  [1m[36m (3.7ms)[0m  [1mCREATE TABLE "ip_addresses" ("id" serial primary key, "address" character varying, "count" integer, "created_at" timestamp NOT NULL, "updated_at" timestamp NOT NULL) [0m
  [1m[35m (5.4ms)[0m  CREATE TABLE "users" ("id" serial primary key, "email" character varying, "referral_code" character varying, "referrer_id" integer, "created_at" timestamp NOT NULL, "updated_at" timestamp NOT NULL) 
  [1m[36m (14.0ms)[0m  [1mCREATE TABLE "schema_migrations" ("version" character varying NOT NULL) [0m
  [1m[35m (5.2ms)[0m  CREATE UNIQUE INDEX  "unique_schema_migrations" ON "schema_migrations"  ("version")
  [1m[36m (0.6ms)[0m  [1mSELECT version FROM "schema_migrations"[0m
  [1m[35m (0.9ms)[0m  INSERT INTO "schema_migrations" (version) VALUES ('20130312045541')
  [1m[36m (0.6ms)[0m  [1mINSERT INTO "schema_migrations" (version) VALUES ('20130126215239')[0m
  [1m[35m (0.4ms)[0m  INSERT INTO "schema_migrations" (version) VALUES ('20130127063936')
  [1m[36m (0.4ms)[0m  [1mINSERT INTO "schema_migrations" (version) VALUES ('20130127063939')[0m
  [1m[35m (0.3ms)[0m  INSERT INTO "schema_migrations" (version) VALUES ('20130127063940')
  [1m[36m (0.4ms)[0m  [1mINSERT INTO "schema_migrations" (version) VALUES ('20130227185712')[0m
  [1m[35mSQL (0.5ms)[0m  CREATE EXTENSION IF NOT EXISTS "plpgsql"
  [1m[36m (9.9ms)[0m  [1mCREATE TABLE "active_admin_comments" ("id" serial primary key, "resource_id" character varying NOT NULL, "resource_type" character varying NOT NULL, "author_id" integer, "author_type" character varying, "body" text, "created_at" timestamp NOT NULL, "updated_at" timestamp NOT NULL, "namespace" character varying) [0m
  [1m[35m (1.5ms)[0m  CREATE  INDEX  "index_active_admin_comments_on_author_type_and_author_id" ON "active_admin_comments" USING btree ("author_type", "author_id")
  [1m[36m (1.4ms)[0m  [1mCREATE  INDEX  "index_active_admin_comments_on_namespace" ON "active_admin_comments" USING btree ("namespace")[0m
  [1m[35m (1.6ms)[0m  CREATE  INDEX  "index_active_admin_comments_on_resource_type_and_resource_id" ON "active_admin_comments" USING btree ("resource_type", "resource_id")
  [1m[36m (5.0ms)[0m  [1mCREATE TABLE "admin_users" ("id" serial primary key, "email" character varying DEFAULT '' NOT NULL, "encrypted_password" character varying DEFAULT '' NOT NULL, "reset_password_token" character varying, "reset_password_sent_at" timestamp, "remember_created_at" timestamp, "sign_in_count" integer DEFAULT 0, "current_sign_in_at" timestamp, "last_sign_in_at" timestamp, "current_sign_in_ip" character varying, "last_sign_in_ip" character varying, "created_at" timestamp NOT NULL, "updated_at" timestamp NOT NULL) [0m
  [1m[35m (1.0ms)[0m  CREATE UNIQUE INDEX  "index_admin_users_on_email" ON "admin_users" USING btree ("email")
  [1m[36m (1.0ms)[0m  [1mCREATE UNIQUE INDEX  "index_admin_users_on_reset_password_token" ON "admin_users" USING btree ("reset_password_token")[0m
  [1m[35m (3.7ms)[0m  CREATE TABLE "delayed_jobs" ("id" serial primary key, "priority" integer DEFAULT 0, "attempts" integer DEFAULT 0, "handler" text, "last_error" text, "run_at" timestamp, "locked_at" timestamp, "failed_at" timestamp, "locked_by" character varying, "queue" character varying, "created_at" timestamp NOT NULL, "updated_at" timestamp NOT NULL) 
  [1m[36m (2.0ms)[0m  [1mCREATE  INDEX  "delayed_jobs_priority" ON "delayed_jobs" USING btree ("priority", "run_at")[0m
  [1m[35m (5.0ms)[0m  CREATE TABLE "ip_addresses" ("id" serial primary key, "address" character varying, "count" integer, "created_at" timestamp NOT NULL, "updated_at" timestamp NOT NULL) 
  [1m[36m (4.4ms)[0m  [1mCREATE TABLE "users" ("id" serial primary key, "email" character varying, "referral_code" character varying, "referrer_id" integer, "created_at" timestamp NOT NULL, "updated_at" timestamp NOT NULL) [0m
  [1m[35m (1.6ms)[0m  CREATE TABLE "schema_migrations" ("version" character varying NOT NULL) 
  [1m[36m (1.0ms)[0m  [1mCREATE UNIQUE INDEX  "unique_schema_migrations" ON "schema_migrations"  ("version")[0m
  [1m[35m (0.3ms)[0m  SELECT version FROM "schema_migrations"
  [1m[36m (0.5ms)[0m  [1mINSERT INTO "schema_migrations" (version) VALUES ('20130312045541')[0m
  [1m[35m (0.4ms)[0m  INSERT INTO "schema_migrations" (version) VALUES ('20130126215239')
  [1m[36m (0.3ms)[0m  [1mINSERT INTO "schema_migrations" (version) VALUES ('20130127063936')[0m
  [1m[35m (0.3ms)[0m  INSERT INTO "schema_migrations" (version) VALUES ('20130127063939')
  [1m[36m (0.4ms)[0m  [1mINSERT INTO "schema_migrations" (version) VALUES ('20130127063940')[0m
  [1m[35m (0.4ms)[0m  INSERT INTO "schema_migrations" (version) VALUES ('20130227185712')
  [1m[36mActiveRecord::SchemaMigration Load (0.3ms)[0m  [1mSELECT "schema_migrations".* FROM "schema_migrations"[0m
  [1m[36mSQL (0.4ms)[0m  [1mCREATE EXTENSION IF NOT EXISTS "plpgsql"[0m
  [1m[35m (6.6ms)[0m  CREATE TABLE "active_admin_comments" ("id" serial primary key, "resource_id" character varying NOT NULL, "resource_type" character varying NOT NULL, "author_id" integer, "author_type" character varying, "body" text, "created_at" timestamp NOT NULL, "updated_at" timestamp NOT NULL, "namespace" character varying) 
  [1m[36m (1.2ms)[0m  [1mCREATE  INDEX  "index_active_admin_comments_on_author_type_and_author_id" ON "active_admin_comments" USING btree ("author_type", "author_id")[0m
  [1m[35m (1.1ms)[0m  CREATE  INDEX  "index_active_admin_comments_on_namespace" ON "active_admin_comments" USING btree ("namespace")
  [1m[36m (0.9ms)[0m  [1mCREATE  INDEX  "index_active_admin_comments_on_resource_type_and_resource_id" ON "active_admin_comments" USING btree ("resource_type", "resource_id")[0m
  [1m[35m (2.7ms)[0m  CREATE TABLE "admin_users" ("id" serial primary key, "email" character varying DEFAULT '' NOT NULL, "encrypted_password" character varying DEFAULT '' NOT NULL, "reset_password_token" character varying, "reset_password_sent_at" timestamp, "remember_created_at" timestamp, "sign_in_count" integer DEFAULT 0, "current_sign_in_at" timestamp, "last_sign_in_at" timestamp, "current_sign_in_ip" character varying, "last_sign_in_ip" character varying, "created_at" timestamp NOT NULL, "updated_at" timestamp NOT NULL) 
  [1m[36m (0.8ms)[0m  [1mCREATE UNIQUE INDEX  "index_admin_users_on_email" ON "admin_users" USING btree ("email")[0m
  [1m[35m (0.9ms)[0m  CREATE UNIQUE INDEX  "index_admin_users_on_reset_password_token" ON "admin_users" USING btree ("reset_password_token")
  [1m[36m (2.5ms)[0m  [1mCREATE TABLE "delayed_jobs" ("id" serial primary key, "priority" integer DEFAULT 0, "attempts" integer DEFAULT 0, "handler" text, "last_error" text, "run_at" timestamp, "locked_at" timestamp, "failed_at" timestamp, "locked_by" character varying, "queue" character varying, "created_at" timestamp NOT NULL, "updated_at" timestamp NOT NULL) [0m
  [1m[35m (1.0ms)[0m  CREATE  INDEX  "delayed_jobs_priority" ON "delayed_jobs" USING btree ("priority", "run_at")
  [1m[36m (3.2ms)[0m  [1mCREATE TABLE "ip_addresses" ("id" serial primary key, "address" character varying, "count" integer, "created_at" timestamp NOT NULL, "updated_at" timestamp NOT NULL) [0m
  [1m[35m (3.5ms)[0m  CREATE TABLE "users" ("id" serial primary key, "email" character varying, "referral_code" character varying, "referrer_id" integer, "created_at" timestamp NOT NULL, "updated_at" timestamp NOT NULL) 
  [1m[36m (2.8ms)[0m  [1mCREATE TABLE "schema_migrations" ("version" character varying NOT NULL) [0m
  [1m[35m (1.0ms)[0m  CREATE UNIQUE INDEX  "unique_schema_migrations" ON "schema_migrations"  ("version")
  [1m[36m (0.5ms)[0m  [1mSELECT version FROM "schema_migrations"[0m
  [1m[35m (0.6ms)[0m  INSERT INTO "schema_migrations" (version) VALUES ('20130312045541')
  [1m[36m (0.3ms)[0m  [1mINSERT INTO "schema_migrations" (version) VALUES ('20130126215239')[0m
  [1m[35m (0.4ms)[0m  INSERT INTO "schema_migrations" (version) VALUES ('20130127063936')
  [1m[36m (0.3ms)[0m  [1mINSERT INTO "schema_migrations" (version) VALUES ('20130127063939')[0m
  [1m[35m (0.4ms)[0m  INSERT INTO "schema_migrations" (version) VALUES ('20130127063940')
  [1m[36m (0.4ms)[0m  [1mINSERT INTO "schema_migrations" (version) VALUES ('20130227185712')[0m
  [1m[35mSQL (0.3ms)[0m  CREATE EXTENSION IF NOT EXISTS "plpgsql"
  [1m[36m (6.4ms)[0m  [1mCREATE TABLE "active_admin_comments" ("id" serial primary key, "resource_id" character varying NOT NULL, "resource_type" character varying NOT NULL, "author_id" integer, "author_type" character varying, "body" text, "created_at" timestamp NOT NULL, "updated_at" timestamp NOT NULL, "namespace" character varying) [0m
  [1m[35m (1.1ms)[0m  CREATE  INDEX  "index_active_admin_comments_on_author_type_and_author_id" ON "active_admin_comments" USING btree ("author_type", "author_id")
  [1m[36m (0.8ms)[0m  [1mCREATE  INDEX  "index_active_admin_comments_on_namespace" ON "active_admin_comments" USING btree ("namespace")[0m
  [1m[35m (0.8ms)[0m  CREATE  INDEX  "index_active_admin_comments_on_resource_type_and_resource_id" ON "active_admin_comments" USING btree ("resource_type", "resource_id")
  [1m[36m (2.5ms)[0m  [1mCREATE TABLE "admin_users" ("id" serial primary key, "email" character varying DEFAULT '' NOT NULL, "encrypted_password" character varying DEFAULT '' NOT NULL, "reset_password_token" character varying, "reset_password_sent_at" timestamp, "remember_created_at" timestamp, "sign_in_count" integer DEFAULT 0, "current_sign_in_at" timestamp, "last_sign_in_at" timestamp, "current_sign_in_ip" character varying, "last_sign_in_ip" character varying, "created_at" timestamp NOT NULL, "updated_at" timestamp NOT NULL) [0m
  [1m[35m (0.8ms)[0m  CREATE UNIQUE INDEX  "index_admin_users_on_email" ON "admin_users" USING btree ("email")
  [1m[36m (0.8ms)[0m  [1mCREATE UNIQUE INDEX  "index_admin_users_on_reset_password_token" ON "admin_users" USING btree ("reset_password_token")[0m
  [1m[35m (2.8ms)[0m  CREATE TABLE "delayed_jobs" ("id" serial primary key, "priority" integer DEFAULT 0, "attempts" integer DEFAULT 0, "handler" text, "last_error" text, "run_at" timestamp, "locked_at" timestamp, "failed_at" timestamp, "locked_by" character varying, "queue" character varying, "created_at" timestamp NOT NULL, "updated_at" timestamp NOT NULL) 
  [1m[36m (1.2ms)[0m  [1mCREATE  INDEX  "delayed_jobs_priority" ON "delayed_jobs" USING btree ("priority", "run_at")[0m
  [1m[35m (2.4ms)[0m  CREATE TABLE "ip_addresses" ("id" serial primary key, "address" character varying, "count" integer, "created_at" timestamp NOT NULL, "updated_at" timestamp NOT NULL) 
  [1m[36m (4.2ms)[0m  [1mCREATE TABLE "users" ("id" serial primary key, "email" character varying, "referral_code" character varying, "referrer_id" integer, "created_at" timestamp NOT NULL, "updated_at" timestamp NOT NULL) [0m
  [1m[35m (1.9ms)[0m  CREATE TABLE "schema_migrations" ("version" character varying NOT NULL) 
  [1m[36m (1.0ms)[0m  [1mCREATE UNIQUE INDEX  "unique_schema_migrations" ON "schema_migrations"  ("version")[0m
  [1m[35m (0.4ms)[0m  SELECT version FROM "schema_migrations"
  [1m[36m (0.4ms)[0m  [1mINSERT INTO "schema_migrations" (version) VALUES ('20130312045541')[0m
  [1m[35m (0.3ms)[0m  INSERT INTO "schema_migrations" (version) VALUES ('20130126215239')
  [1m[36m (0.3ms)[0m  [1mINSERT INTO "schema_migrations" (version) VALUES ('20130127063936')[0m
  [1m[35m (0.3ms)[0m  INSERT INTO "schema_migrations" (version) VALUES ('20130127063939')
  [1m[36m (0.3ms)[0m  [1mINSERT INTO "schema_migrations" (version) VALUES ('20130127063940')[0m
  [1m[35m (0.2ms)[0m  INSERT INTO "schema_migrations" (version) VALUES ('20130227185712')
  [1m[36mActiveRecord::SchemaMigration Load (0.6ms)[0m  [1mSELECT "schema_migrations".* FROM "schema_migrations"[0m
Processing by UsersController#new as HTML
  [1m[36mUser Load (0.5ms)[0m  [1mSELECT  "users".* FROM "users" WHERE "users"."email" = $1 LIMIT 1[0m  [["email", "sdad@asda.com"]]
  Rendered users/_campaign_ongoing.html.erb (7.7ms)
  Rendered users/new.html.erb within layouts/application (13.5ms)
Completed 200 OK in 76ms (Views: 39.2ms | ActiveRecord: 5.9ms)
  [1m[36mSQL (0.4ms)[0m  [1mCREATE EXTENSION IF NOT EXISTS "plpgsql"[0m
  [1m[35m (6.6ms)[0m  CREATE TABLE "active_admin_comments" ("id" serial primary key, "resource_id" character varying NOT NULL, "resource_type" character varying NOT NULL, "author_id" integer, "author_type" character varying, "body" text, "created_at" timestamp NOT NULL, "updated_at" timestamp NOT NULL, "namespace" character varying) 
  [1m[36m (1.4ms)[0m  [1mCREATE  INDEX  "index_active_admin_comments_on_author_type_and_author_id" ON "active_admin_comments" USING btree ("author_type", "author_id")[0m
  [1m[35m (1.1ms)[0m  CREATE  INDEX  "index_active_admin_comments_on_namespace" ON "active_admin_comments" USING btree ("namespace")
  [1m[36m (1.1ms)[0m  [1mCREATE  INDEX  "index_active_admin_comments_on_resource_type_and_resource_id" ON "active_admin_comments" USING btree ("resource_type", "resource_id")[0m
  [1m[35m (2.9ms)[0m  CREATE TABLE "admin_users" ("id" serial primary key, "email" character varying DEFAULT '' NOT NULL, "encrypted_password" character varying DEFAULT '' NOT NULL, "reset_password_token" character varying, "reset_password_sent_at" timestamp, "remember_created_at" timestamp, "sign_in_count" integer DEFAULT 0, "current_sign_in_at" timestamp, "last_sign_in_at" timestamp, "current_sign_in_ip" character varying, "last_sign_in_ip" character varying, "created_at" timestamp NOT NULL, "updated_at" timestamp NOT NULL) 
  [1m[36m (1.2ms)[0m  [1mCREATE UNIQUE INDEX  "index_admin_users_on_email" ON "admin_users" USING btree ("email")[0m
  [1m[35m (1.0ms)[0m  CREATE UNIQUE INDEX  "index_admin_users_on_reset_password_token" ON "admin_users" USING btree ("reset_password_token")
  [1m[36m (3.8ms)[0m  [1mCREATE TABLE "delayed_jobs" ("id" serial primary key, "priority" integer DEFAULT 0, "attempts" integer DEFAULT 0, "handler" text, "last_error" text, "run_at" timestamp, "locked_at" timestamp, "failed_at" timestamp, "locked_by" character varying, "queue" character varying, "created_at" timestamp NOT NULL, "updated_at" timestamp NOT NULL) [0m
  [1m[35m (1.8ms)[0m  CREATE  INDEX  "delayed_jobs_priority" ON "delayed_jobs" USING btree ("priority", "run_at")
  [1m[36m (3.7ms)[0m  [1mCREATE TABLE "ip_addresses" ("id" serial primary key, "address" character varying, "count" integer, "created_at" timestamp NOT NULL, "updated_at" timestamp NOT NULL) [0m
  [1m[35m (3.6ms)[0m  CREATE TABLE "users" ("id" serial primary key, "email" character varying, "referral_code" character varying, "referrer_id" integer, "created_at" timestamp NOT NULL, "updated_at" timestamp NOT NULL) 
  [1m[36m (1.7ms)[0m  [1mCREATE TABLE "schema_migrations" ("version" character varying NOT NULL) [0m
  [1m[35m (0.9ms)[0m  CREATE UNIQUE INDEX  "unique_schema_migrations" ON "schema_migrations"  ("version")
  [1m[36m (0.3ms)[0m  [1mSELECT version FROM "schema_migrations"[0m
  [1m[35m (0.3ms)[0m  INSERT INTO "schema_migrations" (version) VALUES ('20130312045541')
  [1m[36m (0.3ms)[0m  [1mINSERT INTO "schema_migrations" (version) VALUES ('20130126215239')[0m
  [1m[35m (0.3ms)[0m  INSERT INTO "schema_migrations" (version) VALUES ('20130127063936')
  [1m[36m (0.2ms)[0m  [1mINSERT INTO "schema_migrations" (version) VALUES ('20130127063939')[0m
  [1m[35m (0.2ms)[0m  INSERT INTO "schema_migrations" (version) VALUES ('20130127063940')
  [1m[36m (0.2ms)[0m  [1mINSERT INTO "schema_migrations" (version) VALUES ('20130227185712')[0m
  [1m[35mSQL (0.3ms)[0m  CREATE EXTENSION IF NOT EXISTS "plpgsql"
  [1m[36m (4.1ms)[0m  [1mCREATE TABLE "active_admin_comments" ("id" serial primary key, "resource_id" character varying NOT NULL, "resource_type" character varying NOT NULL, "author_id" integer, "author_type" character varying, "body" text, "created_at" timestamp NOT NULL, "updated_at" timestamp NOT NULL, "namespace" character varying) [0m
  [1m[35m (0.9ms)[0m  CREATE  INDEX  "index_active_admin_comments_on_author_type_and_author_id" ON "active_admin_comments" USING btree ("author_type", "author_id")
  [1m[36m (0.8ms)[0m  [1mCREATE  INDEX  "index_active_admin_comments_on_namespace" ON "active_admin_comments" USING btree ("namespace")[0m
  [1m[35m (1.0ms)[0m  CREATE  INDEX  "index_active_admin_comments_on_resource_type_and_resource_id" ON "active_admin_comments" USING btree ("resource_type", "resource_id")
  [1m[36m (2.7ms)[0m  [1mCREATE TABLE "admin_users" ("id" serial primary key, "email" character varying DEFAULT '' NOT NULL, "encrypted_password" character varying DEFAULT '' NOT NULL, "reset_password_token" character varying, "reset_password_sent_at" timestamp, "remember_created_at" timestamp, "sign_in_count" integer DEFAULT 0, "current_sign_in_at" timestamp, "last_sign_in_at" timestamp, "current_sign_in_ip" character varying, "last_sign_in_ip" character varying, "created_at" timestamp NOT NULL, "updated_at" timestamp NOT NULL) [0m
  [1m[35m (0.9ms)[0m  CREATE UNIQUE INDEX  "index_admin_users_on_email" ON "admin_users" USING btree ("email")
  [1m[36m (0.7ms)[0m  [1mCREATE UNIQUE INDEX  "index_admin_users_on_reset_password_token" ON "admin_users" USING btree ("reset_password_token")[0m
  [1m[35m (2.7ms)[0m  CREATE TABLE "delayed_jobs" ("id" serial primary key, "priority" integer DEFAULT 0, "attempts" integer DEFAULT 0, "handler" text, "last_error" text, "run_at" timestamp, "locked_at" timestamp, "failed_at" timestamp, "locked_by" character varying, "queue" character varying, "created_at" timestamp NOT NULL, "updated_at" timestamp NOT NULL) 
  [1m[36m (0.7ms)[0m  [1mCREATE  INDEX  "delayed_jobs_priority" ON "delayed_jobs" USING btree ("priority", "run_at")[0m
  [1m[35m (2.5ms)[0m  CREATE TABLE "ip_addresses" ("id" serial primary key, "address" character varying, "count" integer, "created_at" timestamp NOT NULL, "updated_at" timestamp NOT NULL) 
  [1m[36m (3.5ms)[0m  [1mCREATE TABLE "users" ("id" serial primary key, "email" character varying, "referral_code" character varying, "referrer_id" integer, "created_at" timestamp NOT NULL, "updated_at" timestamp NOT NULL) [0m
  [1m[35m (1.9ms)[0m  CREATE TABLE "schema_migrations" ("version" character varying NOT NULL) 
  [1m[36m (0.9ms)[0m  [1mCREATE UNIQUE INDEX  "unique_schema_migrations" ON "schema_migrations"  ("version")[0m
  [1m[35m (0.3ms)[0m  SELECT version FROM "schema_migrations"
  [1m[36m (0.5ms)[0m  [1mINSERT INTO "schema_migrations" (version) VALUES ('20130312045541')[0m
  [1m[35m (0.4ms)[0m  INSERT INTO "schema_migrations" (version) VALUES ('20130126215239')
  [1m[36m (0.3ms)[0m  [1mINSERT INTO "schema_migrations" (version) VALUES ('20130127063936')[0m
  [1m[35m (0.3ms)[0m  INSERT INTO "schema_migrations" (version) VALUES ('20130127063939')
  [1m[36m (0.3ms)[0m  [1mINSERT INTO "schema_migrations" (version) VALUES ('20130127063940')[0m
  [1m[35m (0.3ms)[0m  INSERT INTO "schema_migrations" (version) VALUES ('20130227185712')
  [1m[36mActiveRecord::SchemaMigration Load (0.3ms)[0m  [1mSELECT "schema_migrations".* FROM "schema_migrations"[0m
